[0.012s] Invoking command in '/home/ali/husky_ws/build/husky_msgs': /usr/bin/cmake /home/ali/husky_ws/src/husky/husky_msgs -DCMAKE_INSTALL_PREFIX=/home/ali/husky_ws/install/husky_msgs
[0.056s] -- The C compiler identification is GNU 9.4.0
[0.101s] -- The CXX compiler identification is GNU 9.4.0
[0.105s] -- Check for working C compiler: /usr/bin/cc
[0.158s] -- Check for working C compiler: /usr/bin/cc -- works
[0.159s] -- Detecting C compiler ABI info
[0.214s] -- Detecting C compiler ABI info - done
[0.224s] -- Detecting C compile features
[0.224s] -- Detecting C compile features - done
[0.226s] -- Check for working CXX compiler: /usr/bin/c++
[0.289s] -- Check for working CXX compiler: /usr/bin/c++ -- works
[0.290s] -- Detecting CXX compiler ABI info
[0.353s] -- Detecting CXX compiler ABI info - done
[0.362s] -- Detecting CXX compile features
[0.363s] -- Detecting CXX compile features - done
[0.373s] CMake Error at CMakeLists.txt:13 (find_package):
[0.373s]   By not providing "Findament_cmake.cmake" in CMAKE_MODULE_PATH this project
[0.373s]   has asked CMake to find a package configuration file provided by
[0.373s]   "ament_cmake", but CMake did not find one.
[0.373s] 
[0.373s]   Could not find a package configuration file provided by "ament_cmake" with
[0.373s]   any of the following names:
[0.373s] 
[0.373s]     ament_cmakeConfig.cmake
[0.373s]     ament_cmake-config.cmake
[0.373s] 
[0.373s]   Add the installation prefix of "ament_cmake" to CMAKE_PREFIX_PATH or set
[0.374s]   "ament_cmake_DIR" to a directory containing one of the above files.  If
[0.374s]   "ament_cmake" provides a separate development package or SDK, be sure it
[0.374s]   has been installed.
[0.374s] 
[0.375s] 
[0.375s] -- Configuring incomplete, errors occurred!
[0.375s] See also "/home/ali/husky_ws/build/husky_msgs/CMakeFiles/CMakeOutput.log".
[0.377s] Invoked command in '/home/ali/husky_ws/build/husky_msgs' returned '1': /usr/bin/cmake /home/ali/husky_ws/src/husky/husky_msgs -DCMAKE_INSTALL_PREFIX=/home/ali/husky_ws/install/husky_msgs
