[0.009s] Invoking command in '/home/ali/husky_ws/build/husky_gazebo': AMENT_PREFIX_PATH=/home/ali/husky_ws/install/husky_control:/home/ali/husky_ws/install/husky_description:${AMENT_PREFIX_PATH} CMAKE_PREFIX_PATH=/home/ali/husky_ws/install/husky_control:/home/ali/husky_ws/install/husky_description:/opt/ros/foxy /usr/bin/cmake /home/ali/husky_ws/src/husky/husky_gazebo -DCMAKE_INSTALL_PREFIX=/home/ali/husky_ws/install/husky_gazebo
[0.054s] -- The C compiler identification is GNU 9.4.0
[0.102s] -- The CXX compiler identification is GNU 9.4.0
[0.107s] -- Check for working C compiler: /usr/bin/cc
[0.166s] -- Check for working C compiler: /usr/bin/cc -- works
[0.167s] -- Detecting C compiler ABI info
[0.227s] -- Detecting C compiler ABI info - done
[0.246s] -- Detecting C compile features
[0.246s] -- Detecting C compile features - done
[0.250s] -- Check for working CXX compiler: /usr/bin/c++
[0.324s] -- Check for working CXX compiler: /usr/bin/c++ -- works
[0.325s] -- Detecting CXX compiler ABI info
[0.399s] -- Detecting CXX compiler ABI info - done
[0.412s] -- Detecting CXX compile features
[0.413s] -- Detecting CXX compile features - done
[0.415s] -- Found ament_cmake: 0.9.11 (/opt/ros/foxy/share/ament_cmake/cmake)
[0.436s] -- Found PythonInterp: /usr/bin/python3 (found suitable version "3.8.10", minimum required is "3") 
[0.437s] -- Using PYTHON_EXECUTABLE: /usr/bin/python3
[0.616s] -- Found urdf: 2.4.0 (/opt/ros/foxy/share/urdf/cmake)
[0.647s] -- Found xacro: 2.0.7 (/opt/ros/foxy/share/xacro/cmake)
[0.699s] -- Configuring done
[0.701s] -- Generating done
[0.702s] -- Build files have been written to: /home/ali/husky_ws/build/husky_gazebo
[0.707s] Invoked command in '/home/ali/husky_ws/build/husky_gazebo' returned '0': AMENT_PREFIX_PATH=/home/ali/husky_ws/install/husky_control:/home/ali/husky_ws/install/husky_description:${AMENT_PREFIX_PATH} CMAKE_PREFIX_PATH=/home/ali/husky_ws/install/husky_control:/home/ali/husky_ws/install/husky_description:/opt/ros/foxy /usr/bin/cmake /home/ali/husky_ws/src/husky/husky_gazebo -DCMAKE_INSTALL_PREFIX=/home/ali/husky_ws/install/husky_gazebo
[0.709s] Invoking command in '/home/ali/husky_ws/build/husky_gazebo': AMENT_PREFIX_PATH=/home/ali/husky_ws/install/husky_control:/home/ali/husky_ws/install/husky_description:${AMENT_PREFIX_PATH} CMAKE_PREFIX_PATH=/home/ali/husky_ws/install/husky_control:/home/ali/husky_ws/install/husky_description:/opt/ros/foxy /usr/bin/cmake --build /home/ali/husky_ws/build/husky_gazebo -- -j12 -l12
[0.744s] Invoked command in '/home/ali/husky_ws/build/husky_gazebo' returned '0': AMENT_PREFIX_PATH=/home/ali/husky_ws/install/husky_control:/home/ali/husky_ws/install/husky_description:${AMENT_PREFIX_PATH} CMAKE_PREFIX_PATH=/home/ali/husky_ws/install/husky_control:/home/ali/husky_ws/install/husky_description:/opt/ros/foxy /usr/bin/cmake --build /home/ali/husky_ws/build/husky_gazebo -- -j12 -l12
[0.764s] Invoking command in '/home/ali/husky_ws/build/husky_gazebo': AMENT_PREFIX_PATH=/home/ali/husky_ws/install/husky_control:/home/ali/husky_ws/install/husky_description:${AMENT_PREFIX_PATH} CMAKE_PREFIX_PATH=/home/ali/husky_ws/install/husky_control:/home/ali/husky_ws/install/husky_description:/opt/ros/foxy /usr/bin/cmake --install /home/ali/husky_ws/build/husky_gazebo
[0.771s] -- Install configuration: ""
[0.771s] -- Installing: /home/ali/husky_ws/install/husky_gazebo/share/husky_gazebo/launch
[0.771s] -- Installing: /home/ali/husky_ws/install/husky_gazebo/share/husky_gazebo/launch/husky_playpen.launch
[0.771s] -- Installing: /home/ali/husky_ws/install/husky_gazebo/share/husky_gazebo/launch/gazebo.launch.py
[0.771s] -- Installing: /home/ali/husky_ws/install/husky_gazebo/share/husky_gazebo/launch/realsense.launch
[0.771s] -- Installing: /home/ali/husky_ws/install/husky_gazebo/share/husky_gazebo/launch/husky_empty_world.launch
[0.771s] -- Installing: /home/ali/husky_ws/install/husky_gazebo/share/husky_gazebo/launch/multi_husky_playpen.launch
[0.771s] -- Installing: /home/ali/husky_ws/install/husky_gazebo/share/husky_gazebo/launch/spawn_husky.launch
[0.771s] -- Installing: /home/ali/husky_ws/install/husky_gazebo/share/husky_gazebo/launch/playpen.launch
[0.771s] -- Installing: /home/ali/husky_ws/install/husky_gazebo/share/husky_gazebo/launch/husky_playpen.launch.py
[0.771s] -- Installing: /home/ali/husky_ws/install/husky_gazebo/share/husky_gazebo/worlds
[0.771s] -- Installing: /home/ali/husky_ws/install/husky_gazebo/share/husky_gazebo/worlds/clearpath_playpen.world
[0.772s] -- Installing: /home/ali/husky_ws/install/husky_gazebo/share/ament_index/resource_index/package_run_dependencies/husky_gazebo
[0.772s] -- Installing: /home/ali/husky_ws/install/husky_gazebo/share/ament_index/resource_index/parent_prefix_path/husky_gazebo
[0.772s] -- Installing: /home/ali/husky_ws/install/husky_gazebo/share/husky_gazebo/environment/ament_prefix_path.sh
[0.772s] -- Installing: /home/ali/husky_ws/install/husky_gazebo/share/husky_gazebo/environment/ament_prefix_path.dsv
[0.772s] -- Installing: /home/ali/husky_ws/install/husky_gazebo/share/husky_gazebo/environment/path.sh
[0.772s] -- Installing: /home/ali/husky_ws/install/husky_gazebo/share/husky_gazebo/environment/path.dsv
[0.772s] -- Installing: /home/ali/husky_ws/install/husky_gazebo/share/husky_gazebo/local_setup.bash
[0.772s] -- Installing: /home/ali/husky_ws/install/husky_gazebo/share/husky_gazebo/local_setup.sh
[0.772s] -- Installing: /home/ali/husky_ws/install/husky_gazebo/share/husky_gazebo/local_setup.zsh
[0.773s] -- Installing: /home/ali/husky_ws/install/husky_gazebo/share/husky_gazebo/local_setup.dsv
[0.773s] -- Installing: /home/ali/husky_ws/install/husky_gazebo/share/husky_gazebo/package.dsv
[0.773s] -- Installing: /home/ali/husky_ws/install/husky_gazebo/share/ament_index/resource_index/packages/husky_gazebo
[0.773s] -- Installing: /home/ali/husky_ws/install/husky_gazebo/share/husky_gazebo/cmake/husky_gazeboConfig.cmake
[0.773s] -- Installing: /home/ali/husky_ws/install/husky_gazebo/share/husky_gazebo/cmake/husky_gazeboConfig-version.cmake
[0.773s] -- Installing: /home/ali/husky_ws/install/husky_gazebo/share/husky_gazebo/package.xml
[0.777s] Invoked command in '/home/ali/husky_ws/build/husky_gazebo' returned '0': AMENT_PREFIX_PATH=/home/ali/husky_ws/install/husky_control:/home/ali/husky_ws/install/husky_description:${AMENT_PREFIX_PATH} CMAKE_PREFIX_PATH=/home/ali/husky_ws/install/husky_control:/home/ali/husky_ws/install/husky_description:/opt/ros/foxy /usr/bin/cmake --install /home/ali/husky_ws/build/husky_gazebo
