[0.012s] Invoking command in '/home/ali/husky_ws/build/husky_msgs': /usr/bin/cmake /home/ali/husky_ws/src/husky/husky_msgs -DCMAKE_INSTALL_PREFIX=/home/ali/husky_ws/install/husky_msgs
[0.032s] CMake Error at CMakeLists.txt:13 (find_package):
[0.032s]   By not providing "Findament_cmake.cmake" in CMAKE_MODULE_PATH this project
[0.033s]   has asked CMake to find a package configuration file provided by
[0.033s]   "ament_cmake", but CMake did not find one.
[0.033s] 
[0.034s]   Could not find a package configuration file provided by "ament_cmake" with
[0.034s]   any of the following names:
[0.034s] 
[0.034s]     ament_cmakeConfig.cmake
[0.035s]     ament_cmake-config.cmake
[0.035s] 
[0.035s]   Add the installation prefix of "ament_cmake" to CMAKE_PREFIX_PATH or set
[0.035s]   "ament_cmake_DIR" to a directory containing one of the above files.  If
[0.036s]   "ament_cmake" provides a separate development package or SDK, be sure it
[0.036s]   has been installed.
[0.036s] 
[0.036s] 
[0.036s] -- Configuring incomplete, errors occurred!
[0.036s] See also "/home/ali/husky_ws/build/husky_msgs/CMakeFiles/CMakeOutput.log".
[0.036s] Invoked command in '/home/ali/husky_ws/build/husky_msgs' returned '1': /usr/bin/cmake /home/ali/husky_ws/src/husky/husky_msgs -DCMAKE_INSTALL_PREFIX=/home/ali/husky_ws/install/husky_msgs
