[0.018s] Invoking command in '/home/ali/husky_ws/build/husky_description': CMAKE_PREFIX_PATH=/opt/ros/foxy /usr/bin/cmake /home/ali/husky_ws/src/husky/husky_description -DCMAKE_INSTALL_PREFIX=/home/ali/husky_ws/install/husky_description
[0.035s] -- Found ament_cmake: 0.9.11 (/opt/ros/foxy/share/ament_cmake/cmake)
[0.056s] -- Found PythonInterp: /usr/bin/python3 (found suitable version "3.8.10", minimum required is "3") 
[0.056s] -- Using PYTHON_EXECUTABLE: /usr/bin/python3
[0.220s] -- Found urdf: 2.4.0 (/opt/ros/foxy/share/urdf/cmake)
[0.293s] -- Configuring done
[0.294s] -- Generating done
[0.295s] -- Build files have been written to: /home/ali/husky_ws/build/husky_description
[0.298s] Invoked command in '/home/ali/husky_ws/build/husky_description' returned '0': CMAKE_PREFIX_PATH=/opt/ros/foxy /usr/bin/cmake /home/ali/husky_ws/src/husky/husky_description -DCMAKE_INSTALL_PREFIX=/home/ali/husky_ws/install/husky_description
[0.301s] Invoking command in '/home/ali/husky_ws/build/husky_description': CMAKE_PREFIX_PATH=/opt/ros/foxy /usr/bin/cmake --build /home/ali/husky_ws/build/husky_description -- -j12 -l12
[0.333s] Invoked command in '/home/ali/husky_ws/build/husky_description' returned '0': CMAKE_PREFIX_PATH=/opt/ros/foxy /usr/bin/cmake --build /home/ali/husky_ws/build/husky_description -- -j12 -l12
[0.361s] Invoking command in '/home/ali/husky_ws/build/husky_description': CMAKE_PREFIX_PATH=/opt/ros/foxy /usr/bin/cmake --install /home/ali/husky_ws/build/husky_description
[0.367s] -- Install configuration: ""
[0.367s] -- Installing: /home/ali/husky_ws/install/husky_description/share/husky_description/launch
[0.367s] -- Installing: /home/ali/husky_ws/install/husky_description/share/husky_description/launch/description.launch.py
[0.368s] -- Installing: /home/ali/husky_ws/install/husky_description/share/husky_description/launch/description.launch
[0.368s] -- Installing: /home/ali/husky_ws/install/husky_description/share/husky_description/meshes
[0.368s] -- Installing: /home/ali/husky_ws/install/husky_description/share/husky_description/meshes/base_link.dae
[0.368s] -- Installing: /home/ali/husky_ws/install/husky_description/share/husky_description/meshes/large_top_plate_collision.stl
[0.368s] -- Installing: /home/ali/husky_ws/install/husky_description/share/husky_description/meshes/user_rail.stl
[0.368s] -- Installing: /home/ali/husky_ws/install/husky_description/share/husky_description/meshes/top_plate.stl
[0.369s] -- Installing: /home/ali/husky_ws/install/husky_description/share/husky_description/meshes/large_top_plate.dae
[0.369s] -- Installing: /home/ali/husky_ws/install/husky_description/share/husky_description/meshes/top_chassis.dae
[0.370s] -- Installing: /home/ali/husky_ws/install/husky_description/share/husky_description/meshes/bumper_extension.dae
[0.370s] -- Installing: /home/ali/husky_ws/install/husky_description/share/husky_description/meshes/top_chassis.stl
[0.371s] -- Installing: /home/ali/husky_ws/install/husky_description/share/husky_description/meshes/accessories
[0.371s] -- Installing: /home/ali/husky_ws/install/husky_description/share/husky_description/meshes/accessories/lidar_mount.stl
[0.371s] -- Installing: /home/ali/husky_ws/install/husky_description/share/husky_description/meshes/accessories/300_mm_sensor_arch.stl
[0.371s] -- Installing: /home/ali/husky_ws/install/husky_description/share/husky_description/meshes/accessories/lms1xx_mount.stl
[0.371s] -- Installing: /home/ali/husky_ws/install/husky_description/share/husky_description/meshes/accessories/lms1xx_mount.dae
[0.371s] -- Installing: /home/ali/husky_ws/install/husky_description/share/husky_description/meshes/accessories/510_mm_sensor_arch.stl
[0.371s] -- Installing: /home/ali/husky_ws/install/husky_description/share/husky_description/meshes/accessories/510_mm_sensor_arch.dae
[0.371s] -- Installing: /home/ali/husky_ws/install/husky_description/share/husky_description/meshes/accessories/300_mm_sensor_arch.dae
[0.371s] -- Installing: /home/ali/husky_ws/install/husky_description/share/husky_description/meshes/top_plate.dae
[0.371s] -- Installing: /home/ali/husky_ws/install/husky_description/share/husky_description/meshes/wheel.stl
[0.373s] -- Installing: /home/ali/husky_ws/install/husky_description/share/husky_description/meshes/bumper.dae
[0.373s] -- Installing: /home/ali/husky_ws/install/husky_description/share/husky_description/meshes/wheel.dae
[0.375s] -- Installing: /home/ali/husky_ws/install/husky_description/share/husky_description/meshes/base_link.stl
[0.376s] -- Installing: /home/ali/husky_ws/install/husky_description/share/husky_description/meshes/user_rail.dae
[0.376s] -- Installing: /home/ali/husky_ws/install/husky_description/share/husky_description/urdf
[0.376s] -- Installing: /home/ali/husky_ws/install/husky_description/share/husky_description/urdf/empty.urdf
[0.376s] -- Installing: /home/ali/husky_ws/install/husky_description/share/husky_description/urdf/wheel.urdf.xacro
[0.376s] -- Installing: /home/ali/husky_ws/install/husky_description/share/husky_description/urdf/accessories
[0.376s] -- Installing: /home/ali/husky_ws/install/husky_description/share/husky_description/urdf/accessories/sensor_arch.urdf.xacro
[0.377s] -- Installing: /home/ali/husky_ws/install/husky_description/share/husky_description/urdf/accessories/intel_realsense.urdf.xacro
[0.377s] -- Installing: /home/ali/husky_ws/install/husky_description/share/husky_description/urdf/accessories/sick_lms1xx_mount.urdf.xacro
[0.377s] -- Installing: /home/ali/husky_ws/install/husky_description/share/husky_description/urdf/decorations.urdf.xacro
[0.377s] -- Installing: /home/ali/husky_ws/install/husky_description/share/husky_description/urdf/husky_macro.urdf.xacro
[0.377s] -- Installing: /home/ali/husky_ws/install/husky_description/share/husky_description/urdf/husky.urdf.xacro
[0.377s] -- Installing: /home/ali/husky_ws/install/husky_description/share/ament_index/resource_index/package_run_dependencies/husky_description
[0.377s] -- Installing: /home/ali/husky_ws/install/husky_description/share/ament_index/resource_index/parent_prefix_path/husky_description
[0.377s] -- Installing: /home/ali/husky_ws/install/husky_description/share/husky_description/environment/ament_prefix_path.sh
[0.377s] -- Installing: /home/ali/husky_ws/install/husky_description/share/husky_description/environment/ament_prefix_path.dsv
[0.377s] -- Installing: /home/ali/husky_ws/install/husky_description/share/husky_description/environment/path.sh
[0.378s] -- Installing: /home/ali/husky_ws/install/husky_description/share/husky_description/environment/path.dsv
[0.378s] -- Installing: /home/ali/husky_ws/install/husky_description/share/husky_description/local_setup.bash
[0.378s] -- Installing: /home/ali/husky_ws/install/husky_description/share/husky_description/local_setup.sh
[0.378s] -- Installing: /home/ali/husky_ws/install/husky_description/share/husky_description/local_setup.zsh
[0.378s] -- Installing: /home/ali/husky_ws/install/husky_description/share/husky_description/local_setup.dsv
[0.378s] -- Installing: /home/ali/husky_ws/install/husky_description/share/husky_description/package.dsv
[0.378s] -- Installing: /home/ali/husky_ws/install/husky_description/share/ament_index/resource_index/packages/husky_description
[0.378s] -- Installing: /home/ali/husky_ws/install/husky_description/share/husky_description/cmake/ament_cmake_export_dependencies-extras.cmake
[0.378s] -- Installing: /home/ali/husky_ws/install/husky_description/share/husky_description/cmake/husky_descriptionConfig.cmake
[0.379s] -- Installing: /home/ali/husky_ws/install/husky_description/share/husky_description/cmake/husky_descriptionConfig-version.cmake
[0.379s] -- Installing: /home/ali/husky_ws/install/husky_description/share/husky_description/package.xml
[0.381s] Invoked command in '/home/ali/husky_ws/build/husky_description' returned '0': CMAKE_PREFIX_PATH=/opt/ros/foxy /usr/bin/cmake --install /home/ali/husky_ws/build/husky_description
