[0.014s] Invoking command in '/home/ali/husky_ws/build/husky_desktop': AMENT_PREFIX_PATH=/home/ali/husky_ws/install/husky_viz:/home/ali/husky_ws/install/husky_msgs:/home/ali/husky_ws/install/husky_description:${AMENT_PREFIX_PATH} CMAKE_PREFIX_PATH=/home/ali/husky_ws/install/husky_viz:/home/ali/husky_ws/install/husky_msgs:/home/ali/husky_ws/install/husky_description:/opt/ros/foxy LD_LIBRARY_PATH=/home/ali/husky_ws/install/husky_msgs/lib:${LD_LIBRARY_PATH} PYTHONPATH=/home/ali/husky_ws/install/husky_msgs/lib/python3.8/site-packages:${PYTHONPATH} /usr/bin/cmake /home/ali/husky_ws/src/husky/husky_desktop -DCMAKE_INSTALL_PREFIX=/home/ali/husky_ws/install/husky_desktop
[0.057s] -- The C compiler identification is GNU 9.4.0
[0.102s] -- The CXX compiler identification is GNU 9.4.0
[0.106s] -- Check for working C compiler: /usr/bin/cc
[0.164s] -- Check for working C compiler: /usr/bin/cc -- works
[0.165s] -- Detecting C compiler ABI info
[0.222s] -- Detecting C compiler ABI info - done
[0.232s] -- Detecting C compile features
[0.232s] -- Detecting C compile features - done
[0.234s] -- Check for working CXX compiler: /usr/bin/c++
[0.300s] -- Check for working CXX compiler: /usr/bin/c++ -- works
[0.301s] -- Detecting CXX compiler ABI info
[0.367s] -- Detecting CXX compiler ABI info - done
[0.377s] -- Detecting CXX compile features
[0.377s] -- Detecting CXX compile features - done
[0.379s] -- Found ament_cmake: 0.9.11 (/opt/ros/foxy/share/ament_cmake/cmake)
[0.399s] -- Found PythonInterp: /usr/bin/python3 (found suitable version "3.8.10", minimum required is "3") 
[0.400s] -- Using PYTHON_EXECUTABLE: /usr/bin/python3
[0.607s] -- Configuring done
[0.608s] -- Generating done
[0.609s] -- Build files have been written to: /home/ali/husky_ws/build/husky_desktop
[0.612s] Invoked command in '/home/ali/husky_ws/build/husky_desktop' returned '0': AMENT_PREFIX_PATH=/home/ali/husky_ws/install/husky_viz:/home/ali/husky_ws/install/husky_msgs:/home/ali/husky_ws/install/husky_description:${AMENT_PREFIX_PATH} CMAKE_PREFIX_PATH=/home/ali/husky_ws/install/husky_viz:/home/ali/husky_ws/install/husky_msgs:/home/ali/husky_ws/install/husky_description:/opt/ros/foxy LD_LIBRARY_PATH=/home/ali/husky_ws/install/husky_msgs/lib:${LD_LIBRARY_PATH} PYTHONPATH=/home/ali/husky_ws/install/husky_msgs/lib/python3.8/site-packages:${PYTHONPATH} /usr/bin/cmake /home/ali/husky_ws/src/husky/husky_desktop -DCMAKE_INSTALL_PREFIX=/home/ali/husky_ws/install/husky_desktop
[0.614s] Invoking command in '/home/ali/husky_ws/build/husky_desktop': AMENT_PREFIX_PATH=/home/ali/husky_ws/install/husky_viz:/home/ali/husky_ws/install/husky_msgs:/home/ali/husky_ws/install/husky_description:${AMENT_PREFIX_PATH} CMAKE_PREFIX_PATH=/home/ali/husky_ws/install/husky_viz:/home/ali/husky_ws/install/husky_msgs:/home/ali/husky_ws/install/husky_description:/opt/ros/foxy LD_LIBRARY_PATH=/home/ali/husky_ws/install/husky_msgs/lib:${LD_LIBRARY_PATH} PYTHONPATH=/home/ali/husky_ws/install/husky_msgs/lib/python3.8/site-packages:${PYTHONPATH} /usr/bin/cmake --build /home/ali/husky_ws/build/husky_desktop -- -j12 -l12
[0.646s] Invoked command in '/home/ali/husky_ws/build/husky_desktop' returned '0': AMENT_PREFIX_PATH=/home/ali/husky_ws/install/husky_viz:/home/ali/husky_ws/install/husky_msgs:/home/ali/husky_ws/install/husky_description:${AMENT_PREFIX_PATH} CMAKE_PREFIX_PATH=/home/ali/husky_ws/install/husky_viz:/home/ali/husky_ws/install/husky_msgs:/home/ali/husky_ws/install/husky_description:/opt/ros/foxy LD_LIBRARY_PATH=/home/ali/husky_ws/install/husky_msgs/lib:${LD_LIBRARY_PATH} PYTHONPATH=/home/ali/husky_ws/install/husky_msgs/lib/python3.8/site-packages:${PYTHONPATH} /usr/bin/cmake --build /home/ali/husky_ws/build/husky_desktop -- -j12 -l12
[0.667s] Invoking command in '/home/ali/husky_ws/build/husky_desktop': AMENT_PREFIX_PATH=/home/ali/husky_ws/install/husky_viz:/home/ali/husky_ws/install/husky_msgs:/home/ali/husky_ws/install/husky_description:${AMENT_PREFIX_PATH} CMAKE_PREFIX_PATH=/home/ali/husky_ws/install/husky_viz:/home/ali/husky_ws/install/husky_msgs:/home/ali/husky_ws/install/husky_description:/opt/ros/foxy LD_LIBRARY_PATH=/home/ali/husky_ws/install/husky_msgs/lib:${LD_LIBRARY_PATH} PYTHONPATH=/home/ali/husky_ws/install/husky_msgs/lib/python3.8/site-packages:${PYTHONPATH} /usr/bin/cmake --install /home/ali/husky_ws/build/husky_desktop
[0.673s] -- Install configuration: ""
[0.673s] -- Installing: /home/ali/husky_ws/install/husky_desktop/share/ament_index/resource_index/package_run_dependencies/husky_desktop
[0.674s] -- Installing: /home/ali/husky_ws/install/husky_desktop/share/ament_index/resource_index/parent_prefix_path/husky_desktop
[0.674s] -- Installing: /home/ali/husky_ws/install/husky_desktop/share/husky_desktop/environment/ament_prefix_path.sh
[0.674s] -- Installing: /home/ali/husky_ws/install/husky_desktop/share/husky_desktop/environment/ament_prefix_path.dsv
[0.674s] -- Installing: /home/ali/husky_ws/install/husky_desktop/share/husky_desktop/environment/path.sh
[0.674s] -- Installing: /home/ali/husky_ws/install/husky_desktop/share/husky_desktop/environment/path.dsv
[0.674s] -- Installing: /home/ali/husky_ws/install/husky_desktop/share/husky_desktop/local_setup.bash
[0.674s] -- Installing: /home/ali/husky_ws/install/husky_desktop/share/husky_desktop/local_setup.sh
[0.675s] -- Installing: /home/ali/husky_ws/install/husky_desktop/share/husky_desktop/local_setup.zsh
[0.675s] -- Installing: /home/ali/husky_ws/install/husky_desktop/share/husky_desktop/local_setup.dsv
[0.675s] -- Installing: /home/ali/husky_ws/install/husky_desktop/share/husky_desktop/package.dsv
[0.675s] -- Installing: /home/ali/husky_ws/install/husky_desktop/share/ament_index/resource_index/packages/husky_desktop
[0.675s] -- Installing: /home/ali/husky_ws/install/husky_desktop/share/husky_desktop/cmake/husky_desktopConfig.cmake
[0.675s] -- Installing: /home/ali/husky_ws/install/husky_desktop/share/husky_desktop/cmake/husky_desktopConfig-version.cmake
[0.675s] -- Installing: /home/ali/husky_ws/install/husky_desktop/share/husky_desktop/package.xml
[0.679s] Invoked command in '/home/ali/husky_ws/build/husky_desktop' returned '0': AMENT_PREFIX_PATH=/home/ali/husky_ws/install/husky_viz:/home/ali/husky_ws/install/husky_msgs:/home/ali/husky_ws/install/husky_description:${AMENT_PREFIX_PATH} CMAKE_PREFIX_PATH=/home/ali/husky_ws/install/husky_viz:/home/ali/husky_ws/install/husky_msgs:/home/ali/husky_ws/install/husky_description:/opt/ros/foxy LD_LIBRARY_PATH=/home/ali/husky_ws/install/husky_msgs/lib:${LD_LIBRARY_PATH} PYTHONPATH=/home/ali/husky_ws/install/husky_msgs/lib/python3.8/site-packages:${PYTHONPATH} /usr/bin/cmake --install /home/ali/husky_ws/build/husky_desktop
