[0.013s] Invoking command in '/home/ali/husky_ws/build/husky_bringup': AMENT_PREFIX_PATH=/home/ali/husky_ws/install/husky_control:/home/ali/husky_ws/install/husky_base:/home/ali/husky_ws/install/husky_msgs:/home/ali/husky_ws/install/husky_description:${AMENT_PREFIX_PATH} CMAKE_PREFIX_PATH=/home/ali/husky_ws/install/husky_control:/home/ali/husky_ws/install/husky_base:/home/ali/husky_ws/install/husky_msgs:/home/ali/husky_ws/install/husky_description:/opt/ros/foxy LD_LIBRARY_PATH=/home/ali/husky_ws/install/husky_base/lib:/home/ali/husky_ws/install/husky_msgs/lib:${LD_LIBRARY_PATH} PYTHONPATH=/home/ali/husky_ws/install/husky_msgs/lib/python3.8/site-packages:${PYTHONPATH} /usr/bin/cmake /home/ali/husky_ws/src/husky/husky_bringup -DCMAKE_INSTALL_PREFIX=/home/ali/husky_ws/install/husky_bringup
[0.060s] -- The C compiler identification is GNU 9.4.0
[0.109s] -- The CXX compiler identification is GNU 9.4.0
[0.113s] -- Check for working C compiler: /usr/bin/cc
[0.179s] -- Check for working C compiler: /usr/bin/cc -- works
[0.180s] -- Detecting C compiler ABI info
[0.276s] -- Detecting C compiler ABI info - done
[0.297s] -- Detecting C compile features
[0.297s] -- Detecting C compile features - done
[0.301s] -- Check for working CXX compiler: /usr/bin/c++
[0.394s] -- Check for working CXX compiler: /usr/bin/c++ -- works
[0.395s] -- Detecting CXX compiler ABI info
[0.464s] -- Detecting CXX compiler ABI info - done
[0.474s] -- Detecting CXX compile features
[0.474s] -- Detecting CXX compile features - done
[0.476s] -- Found ament_cmake: 0.9.11 (/opt/ros/foxy/share/ament_cmake/cmake)
[0.496s] -- Found PythonInterp: /usr/bin/python3 (found suitable version "3.8.10", minimum required is "3") 
[0.496s] -- Using PYTHON_EXECUTABLE: /usr/bin/python3
[0.708s] -- Configuring done
[0.710s] -- Generating done
[0.710s] -- Build files have been written to: /home/ali/husky_ws/build/husky_bringup
[0.715s] Invoked command in '/home/ali/husky_ws/build/husky_bringup' returned '0': AMENT_PREFIX_PATH=/home/ali/husky_ws/install/husky_control:/home/ali/husky_ws/install/husky_base:/home/ali/husky_ws/install/husky_msgs:/home/ali/husky_ws/install/husky_description:${AMENT_PREFIX_PATH} CMAKE_PREFIX_PATH=/home/ali/husky_ws/install/husky_control:/home/ali/husky_ws/install/husky_base:/home/ali/husky_ws/install/husky_msgs:/home/ali/husky_ws/install/husky_description:/opt/ros/foxy LD_LIBRARY_PATH=/home/ali/husky_ws/install/husky_base/lib:/home/ali/husky_ws/install/husky_msgs/lib:${LD_LIBRARY_PATH} PYTHONPATH=/home/ali/husky_ws/install/husky_msgs/lib/python3.8/site-packages:${PYTHONPATH} /usr/bin/cmake /home/ali/husky_ws/src/husky/husky_bringup -DCMAKE_INSTALL_PREFIX=/home/ali/husky_ws/install/husky_bringup
[0.715s] Invoking command in '/home/ali/husky_ws/build/husky_bringup': AMENT_PREFIX_PATH=/home/ali/husky_ws/install/husky_control:/home/ali/husky_ws/install/husky_base:/home/ali/husky_ws/install/husky_msgs:/home/ali/husky_ws/install/husky_description:${AMENT_PREFIX_PATH} CMAKE_PREFIX_PATH=/home/ali/husky_ws/install/husky_control:/home/ali/husky_ws/install/husky_base:/home/ali/husky_ws/install/husky_msgs:/home/ali/husky_ws/install/husky_description:/opt/ros/foxy LD_LIBRARY_PATH=/home/ali/husky_ws/install/husky_base/lib:/home/ali/husky_ws/install/husky_msgs/lib:${LD_LIBRARY_PATH} PYTHONPATH=/home/ali/husky_ws/install/husky_msgs/lib/python3.8/site-packages:${PYTHONPATH} /usr/bin/cmake --build /home/ali/husky_ws/build/husky_bringup -- -j12 -l12
[0.747s] Invoked command in '/home/ali/husky_ws/build/husky_bringup' returned '0': AMENT_PREFIX_PATH=/home/ali/husky_ws/install/husky_control:/home/ali/husky_ws/install/husky_base:/home/ali/husky_ws/install/husky_msgs:/home/ali/husky_ws/install/husky_description:${AMENT_PREFIX_PATH} CMAKE_PREFIX_PATH=/home/ali/husky_ws/install/husky_control:/home/ali/husky_ws/install/husky_base:/home/ali/husky_ws/install/husky_msgs:/home/ali/husky_ws/install/husky_description:/opt/ros/foxy LD_LIBRARY_PATH=/home/ali/husky_ws/install/husky_base/lib:/home/ali/husky_ws/install/husky_msgs/lib:${LD_LIBRARY_PATH} PYTHONPATH=/home/ali/husky_ws/install/husky_msgs/lib/python3.8/site-packages:${PYTHONPATH} /usr/bin/cmake --build /home/ali/husky_ws/build/husky_bringup -- -j12 -l12
[0.764s] Invoking command in '/home/ali/husky_ws/build/husky_bringup': AMENT_PREFIX_PATH=/home/ali/husky_ws/install/husky_control:/home/ali/husky_ws/install/husky_base:/home/ali/husky_ws/install/husky_msgs:/home/ali/husky_ws/install/husky_description:${AMENT_PREFIX_PATH} CMAKE_PREFIX_PATH=/home/ali/husky_ws/install/husky_control:/home/ali/husky_ws/install/husky_base:/home/ali/husky_ws/install/husky_msgs:/home/ali/husky_ws/install/husky_description:/opt/ros/foxy LD_LIBRARY_PATH=/home/ali/husky_ws/install/husky_base/lib:/home/ali/husky_ws/install/husky_msgs/lib:${LD_LIBRARY_PATH} PYTHONPATH=/home/ali/husky_ws/install/husky_msgs/lib/python3.8/site-packages:${PYTHONPATH} /usr/bin/cmake --install /home/ali/husky_ws/build/husky_bringup
[0.773s] -- Install configuration: ""
[0.773s] -- Installing: /home/ali/husky_ws/install/husky_bringup/share/husky_bringup/config
[0.773s] -- Installing: /home/ali/husky_ws/install/husky_bringup/share/husky_bringup/config/mag_config_default.yaml
[0.773s] -- Installing: /home/ali/husky_ws/install/husky_bringup/share/husky_bringup/launch
[0.773s] -- Installing: /home/ali/husky_ws/install/husky_bringup/share/husky_bringup/launch/accessories.launch.py
[0.773s] -- Installing: /home/ali/husky_ws/install/husky_bringup/share/husky_bringup/udev
[0.773s] -- Installing: /home/ali/husky_ws/install/husky_bringup/share/husky_bringup/udev/41-hokuyo.rules
[0.773s] -- Installing: /home/ali/husky_ws/install/husky_bringup/share/husky_bringup/udev/41-logitech.rules
[0.774s] -- Installing: /home/ali/husky_ws/install/husky_bringup/share/husky_bringup/udev/41-clearpath.rules
[0.774s] -- Installing: /home/ali/husky_ws/install/husky_bringup/share/husky_bringup/udev/README.md
[0.774s] -- Installing: /home/ali/husky_ws/install/husky_bringup/share/husky_bringup/udev/52-ftdi.rules
[0.774s] -- Installing: /home/ali/husky_ws/install/husky_bringup/share/husky_bringup/udev/10-microstrain.rules
[0.774s] -- Installing: /home/ali/husky_ws/install/husky_bringup/lib/husky_bringup/install
[0.774s] -- Installing: /home/ali/husky_ws/install/husky_bringup/share/ament_index/resource_index/package_run_dependencies/husky_bringup
[0.774s] -- Installing: /home/ali/husky_ws/install/husky_bringup/share/ament_index/resource_index/parent_prefix_path/husky_bringup
[0.774s] -- Installing: /home/ali/husky_ws/install/husky_bringup/share/husky_bringup/environment/ament_prefix_path.sh
[0.774s] -- Installing: /home/ali/husky_ws/install/husky_bringup/share/husky_bringup/environment/ament_prefix_path.dsv
[0.774s] -- Installing: /home/ali/husky_ws/install/husky_bringup/share/husky_bringup/environment/path.sh
[0.774s] -- Installing: /home/ali/husky_ws/install/husky_bringup/share/husky_bringup/environment/path.dsv
[0.774s] -- Installing: /home/ali/husky_ws/install/husky_bringup/share/husky_bringup/local_setup.bash
[0.775s] -- Installing: /home/ali/husky_ws/install/husky_bringup/share/husky_bringup/local_setup.sh
[0.775s] -- Installing: /home/ali/husky_ws/install/husky_bringup/share/husky_bringup/local_setup.zsh
[0.775s] -- Installing: /home/ali/husky_ws/install/husky_bringup/share/husky_bringup/local_setup.dsv
[0.775s] -- Installing: /home/ali/husky_ws/install/husky_bringup/share/husky_bringup/package.dsv
[0.775s] -- Installing: /home/ali/husky_ws/install/husky_bringup/share/ament_index/resource_index/packages/husky_bringup
[0.775s] -- Installing: /home/ali/husky_ws/install/husky_bringup/share/husky_bringup/cmake/husky_bringupConfig.cmake
[0.775s] -- Installing: /home/ali/husky_ws/install/husky_bringup/share/husky_bringup/cmake/husky_bringupConfig-version.cmake
[0.775s] -- Installing: /home/ali/husky_ws/install/husky_bringup/share/husky_bringup/package.xml
[0.781s] Invoked command in '/home/ali/husky_ws/build/husky_bringup' returned '0': AMENT_PREFIX_PATH=/home/ali/husky_ws/install/husky_control:/home/ali/husky_ws/install/husky_base:/home/ali/husky_ws/install/husky_msgs:/home/ali/husky_ws/install/husky_description:${AMENT_PREFIX_PATH} CMAKE_PREFIX_PATH=/home/ali/husky_ws/install/husky_control:/home/ali/husky_ws/install/husky_base:/home/ali/husky_ws/install/husky_msgs:/home/ali/husky_ws/install/husky_description:/opt/ros/foxy LD_LIBRARY_PATH=/home/ali/husky_ws/install/husky_base/lib:/home/ali/husky_ws/install/husky_msgs/lib:${LD_LIBRARY_PATH} PYTHONPATH=/home/ali/husky_ws/install/husky_msgs/lib/python3.8/site-packages:${PYTHONPATH} /usr/bin/cmake --install /home/ali/husky_ws/build/husky_bringup
