[0.012s] Invoking command in '/home/ali/husky_ws/build/husky_robot': AMENT_PREFIX_PATH=/home/ali/husky_ws/install/husky_bringup:/home/ali/husky_ws/install/husky_control:/home/ali/husky_ws/install/husky_base:/home/ali/husky_ws/install/husky_msgs:/home/ali/husky_ws/install/husky_description:${AMENT_PREFIX_PATH} CMAKE_PREFIX_PATH=/home/ali/husky_ws/install/husky_bringup:/home/ali/husky_ws/install/husky_control:/home/ali/husky_ws/install/husky_base:/home/ali/husky_ws/install/husky_msgs:/home/ali/husky_ws/install/husky_description:/opt/ros/foxy LD_LIBRARY_PATH=/home/ali/husky_ws/install/husky_base/lib:/home/ali/husky_ws/install/husky_msgs/lib:${LD_LIBRARY_PATH} PYTHONPATH=/home/ali/husky_ws/install/husky_msgs/lib/python3.8/site-packages:${PYTHONPATH} /usr/bin/cmake /home/ali/husky_ws/src/husky/husky_robot -DCMAKE_INSTALL_PREFIX=/home/ali/husky_ws/install/husky_robot
[0.057s] -- The C compiler identification is GNU 9.4.0
[0.105s] -- The CXX compiler identification is GNU 9.4.0
[0.109s] -- Check for working C compiler: /usr/bin/cc
[0.185s] -- Check for working C compiler: /usr/bin/cc -- works
[0.186s] -- Detecting C compiler ABI info
[0.275s] -- Detecting C compiler ABI info - done
[0.289s] -- Detecting C compile features
[0.290s] -- Detecting C compile features - done
[0.293s] -- Check for working CXX compiler: /usr/bin/c++
[0.397s] -- Check for working CXX compiler: /usr/bin/c++ -- works
[0.398s] -- Detecting CXX compiler ABI info
[0.479s] -- Detecting CXX compiler ABI info - done
[0.490s] -- Detecting CXX compile features
[0.491s] -- Detecting CXX compile features - done
[0.493s] -- Found ament_cmake: 0.9.11 (/opt/ros/foxy/share/ament_cmake/cmake)
[0.516s] -- Found PythonInterp: /usr/bin/python3 (found suitable version "3.8.10", minimum required is "3") 
[0.516s] -- Using PYTHON_EXECUTABLE: /usr/bin/python3
[0.726s] -- Configuring done
[0.728s] -- Generating done
[0.728s] -- Build files have been written to: /home/ali/husky_ws/build/husky_robot
[0.731s] Invoked command in '/home/ali/husky_ws/build/husky_robot' returned '0': AMENT_PREFIX_PATH=/home/ali/husky_ws/install/husky_bringup:/home/ali/husky_ws/install/husky_control:/home/ali/husky_ws/install/husky_base:/home/ali/husky_ws/install/husky_msgs:/home/ali/husky_ws/install/husky_description:${AMENT_PREFIX_PATH} CMAKE_PREFIX_PATH=/home/ali/husky_ws/install/husky_bringup:/home/ali/husky_ws/install/husky_control:/home/ali/husky_ws/install/husky_base:/home/ali/husky_ws/install/husky_msgs:/home/ali/husky_ws/install/husky_description:/opt/ros/foxy LD_LIBRARY_PATH=/home/ali/husky_ws/install/husky_base/lib:/home/ali/husky_ws/install/husky_msgs/lib:${LD_LIBRARY_PATH} PYTHONPATH=/home/ali/husky_ws/install/husky_msgs/lib/python3.8/site-packages:${PYTHONPATH} /usr/bin/cmake /home/ali/husky_ws/src/husky/husky_robot -DCMAKE_INSTALL_PREFIX=/home/ali/husky_ws/install/husky_robot
[0.733s] Invoking command in '/home/ali/husky_ws/build/husky_robot': AMENT_PREFIX_PATH=/home/ali/husky_ws/install/husky_bringup:/home/ali/husky_ws/install/husky_control:/home/ali/husky_ws/install/husky_base:/home/ali/husky_ws/install/husky_msgs:/home/ali/husky_ws/install/husky_description:${AMENT_PREFIX_PATH} CMAKE_PREFIX_PATH=/home/ali/husky_ws/install/husky_bringup:/home/ali/husky_ws/install/husky_control:/home/ali/husky_ws/install/husky_base:/home/ali/husky_ws/install/husky_msgs:/home/ali/husky_ws/install/husky_description:/opt/ros/foxy LD_LIBRARY_PATH=/home/ali/husky_ws/install/husky_base/lib:/home/ali/husky_ws/install/husky_msgs/lib:${LD_LIBRARY_PATH} PYTHONPATH=/home/ali/husky_ws/install/husky_msgs/lib/python3.8/site-packages:${PYTHONPATH} /usr/bin/cmake --build /home/ali/husky_ws/build/husky_robot -- -j12 -l12
[0.767s] Invoked command in '/home/ali/husky_ws/build/husky_robot' returned '0': AMENT_PREFIX_PATH=/home/ali/husky_ws/install/husky_bringup:/home/ali/husky_ws/install/husky_control:/home/ali/husky_ws/install/husky_base:/home/ali/husky_ws/install/husky_msgs:/home/ali/husky_ws/install/husky_description:${AMENT_PREFIX_PATH} CMAKE_PREFIX_PATH=/home/ali/husky_ws/install/husky_bringup:/home/ali/husky_ws/install/husky_control:/home/ali/husky_ws/install/husky_base:/home/ali/husky_ws/install/husky_msgs:/home/ali/husky_ws/install/husky_description:/opt/ros/foxy LD_LIBRARY_PATH=/home/ali/husky_ws/install/husky_base/lib:/home/ali/husky_ws/install/husky_msgs/lib:${LD_LIBRARY_PATH} PYTHONPATH=/home/ali/husky_ws/install/husky_msgs/lib/python3.8/site-packages:${PYTHONPATH} /usr/bin/cmake --build /home/ali/husky_ws/build/husky_robot -- -j12 -l12
[0.787s] Invoking command in '/home/ali/husky_ws/build/husky_robot': AMENT_PREFIX_PATH=/home/ali/husky_ws/install/husky_bringup:/home/ali/husky_ws/install/husky_control:/home/ali/husky_ws/install/husky_base:/home/ali/husky_ws/install/husky_msgs:/home/ali/husky_ws/install/husky_description:${AMENT_PREFIX_PATH} CMAKE_PREFIX_PATH=/home/ali/husky_ws/install/husky_bringup:/home/ali/husky_ws/install/husky_control:/home/ali/husky_ws/install/husky_base:/home/ali/husky_ws/install/husky_msgs:/home/ali/husky_ws/install/husky_description:/opt/ros/foxy LD_LIBRARY_PATH=/home/ali/husky_ws/install/husky_base/lib:/home/ali/husky_ws/install/husky_msgs/lib:${LD_LIBRARY_PATH} PYTHONPATH=/home/ali/husky_ws/install/husky_msgs/lib/python3.8/site-packages:${PYTHONPATH} /usr/bin/cmake --install /home/ali/husky_ws/build/husky_robot
[0.794s] -- Install configuration: ""
[0.794s] -- Installing: /home/ali/husky_ws/install/husky_robot/share/ament_index/resource_index/package_run_dependencies/husky_robot
[0.794s] -- Installing: /home/ali/husky_ws/install/husky_robot/share/ament_index/resource_index/parent_prefix_path/husky_robot
[0.795s] -- Installing: /home/ali/husky_ws/install/husky_robot/share/husky_robot/environment/ament_prefix_path.sh
[0.795s] -- Installing: /home/ali/husky_ws/install/husky_robot/share/husky_robot/environment/ament_prefix_path.dsv
[0.795s] -- Installing: /home/ali/husky_ws/install/husky_robot/share/husky_robot/environment/path.sh
[0.795s] -- Installing: /home/ali/husky_ws/install/husky_robot/share/husky_robot/environment/path.dsv
[0.795s] -- Installing: /home/ali/husky_ws/install/husky_robot/share/husky_robot/local_setup.bash
[0.795s] -- Installing: /home/ali/husky_ws/install/husky_robot/share/husky_robot/local_setup.sh
[0.795s] -- Installing: /home/ali/husky_ws/install/husky_robot/share/husky_robot/local_setup.zsh
[0.795s] -- Installing: /home/ali/husky_ws/install/husky_robot/share/husky_robot/local_setup.dsv
[0.795s] -- Installing: /home/ali/husky_ws/install/husky_robot/share/husky_robot/package.dsv
[0.796s] -- Installing: /home/ali/husky_ws/install/husky_robot/share/ament_index/resource_index/packages/husky_robot
[0.796s] -- Installing: /home/ali/husky_ws/install/husky_robot/share/husky_robot/cmake/husky_robotConfig.cmake
[0.796s] -- Installing: /home/ali/husky_ws/install/husky_robot/share/husky_robot/cmake/husky_robotConfig-version.cmake
[0.796s] -- Installing: /home/ali/husky_ws/install/husky_robot/share/husky_robot/package.xml
[0.800s] Invoked command in '/home/ali/husky_ws/build/husky_robot' returned '0': AMENT_PREFIX_PATH=/home/ali/husky_ws/install/husky_bringup:/home/ali/husky_ws/install/husky_control:/home/ali/husky_ws/install/husky_base:/home/ali/husky_ws/install/husky_msgs:/home/ali/husky_ws/install/husky_description:${AMENT_PREFIX_PATH} CMAKE_PREFIX_PATH=/home/ali/husky_ws/install/husky_bringup:/home/ali/husky_ws/install/husky_control:/home/ali/husky_ws/install/husky_base:/home/ali/husky_ws/install/husky_msgs:/home/ali/husky_ws/install/husky_description:/opt/ros/foxy LD_LIBRARY_PATH=/home/ali/husky_ws/install/husky_base/lib:/home/ali/husky_ws/install/husky_msgs/lib:${LD_LIBRARY_PATH} PYTHONPATH=/home/ali/husky_ws/install/husky_msgs/lib/python3.8/site-packages:${PYTHONPATH} /usr/bin/cmake --install /home/ali/husky_ws/build/husky_robot
