[0.015s] Invoking command in '/home/ali/husky_ws/build/husky_control': AMENT_PREFIX_PATH=/home/ali/husky_ws/install/husky_description:${AMENT_PREFIX_PATH} CMAKE_PREFIX_PATH=/home/ali/husky_ws/install/husky_description:/opt/ros/foxy /usr/bin/cmake /home/ali/husky_ws/src/husky/husky_control -DCMAKE_INSTALL_PREFIX=/home/ali/husky_ws/install/husky_control
[0.060s] -- The C compiler identification is GNU 9.4.0
[0.107s] -- The CXX compiler identification is GNU 9.4.0
[0.112s] -- Check for working C compiler: /usr/bin/cc
[0.169s] -- Check for working C compiler: /usr/bin/cc -- works
[0.170s] -- Detecting C compiler ABI info
[0.227s] -- Detecting C compiler ABI info - done
[0.237s] -- Detecting C compile features
[0.237s] -- Detecting C compile features - done
[0.239s] -- Check for working CXX compiler: /usr/bin/c++
[0.306s] -- Check for working CXX compiler: /usr/bin/c++ -- works
[0.307s] -- Detecting CXX compiler ABI info
[0.373s] -- Detecting CXX compiler ABI info - done
[0.383s] -- Detecting CXX compile features
[0.384s] -- Detecting CXX compile features - done
[0.386s] -- Found ament_cmake: 0.9.11 (/opt/ros/foxy/share/ament_cmake/cmake)
[0.406s] -- Found PythonInterp: /usr/bin/python3 (found suitable version "3.8.10", minimum required is "3") 
[0.406s] -- Using PYTHON_EXECUTABLE: /usr/bin/python3
[0.623s] -- Configuring done
[0.625s] -- Generating done
[0.629s] -- Build files have been written to: /home/ali/husky_ws/build/husky_control
[0.631s] Invoked command in '/home/ali/husky_ws/build/husky_control' returned '0': AMENT_PREFIX_PATH=/home/ali/husky_ws/install/husky_description:${AMENT_PREFIX_PATH} CMAKE_PREFIX_PATH=/home/ali/husky_ws/install/husky_description:/opt/ros/foxy /usr/bin/cmake /home/ali/husky_ws/src/husky/husky_control -DCMAKE_INSTALL_PREFIX=/home/ali/husky_ws/install/husky_control
[0.633s] Invoking command in '/home/ali/husky_ws/build/husky_control': AMENT_PREFIX_PATH=/home/ali/husky_ws/install/husky_description:${AMENT_PREFIX_PATH} CMAKE_PREFIX_PATH=/home/ali/husky_ws/install/husky_description:/opt/ros/foxy /usr/bin/cmake --build /home/ali/husky_ws/build/husky_control -- -j12 -l12
[0.667s] Invoked command in '/home/ali/husky_ws/build/husky_control' returned '0': AMENT_PREFIX_PATH=/home/ali/husky_ws/install/husky_description:${AMENT_PREFIX_PATH} CMAKE_PREFIX_PATH=/home/ali/husky_ws/install/husky_description:/opt/ros/foxy /usr/bin/cmake --build /home/ali/husky_ws/build/husky_control -- -j12 -l12
[0.689s] Invoking command in '/home/ali/husky_ws/build/husky_control': AMENT_PREFIX_PATH=/home/ali/husky_ws/install/husky_description:${AMENT_PREFIX_PATH} CMAKE_PREFIX_PATH=/home/ali/husky_ws/install/husky_description:/opt/ros/foxy /usr/bin/cmake --install /home/ali/husky_ws/build/husky_control
[0.697s] -- Install configuration: ""
[0.697s] -- Installing: /home/ali/husky_ws/install/husky_control/share/husky_control/config
[0.698s] -- Installing: /home/ali/husky_ws/install/husky_control/share/husky_control/config/imu_filter.yaml
[0.698s] -- Installing: /home/ali/husky_ws/install/husky_control/share/husky_control/config/teleop_interactive_markers.yaml
[0.702s] -- Installing: /home/ali/husky_ws/install/husky_control/share/husky_control/config/teleop_logitech.yaml
[0.703s] -- Installing: /home/ali/husky_ws/install/husky_control/share/husky_control/config/public_interface.yaml
[0.703s] -- Installing: /home/ali/husky_ws/install/husky_control/share/husky_control/config/teleop_ps4.yaml
[0.703s] -- Installing: /home/ali/husky_ws/install/husky_control/share/husky_control/config/gazebo_interface.yaml
[0.703s] -- Installing: /home/ali/husky_ws/install/husky_control/share/husky_control/config/empty.yaml
[0.703s] -- Installing: /home/ali/husky_ws/install/husky_control/share/husky_control/config/localization.yaml
[0.704s] -- Installing: /home/ali/husky_ws/install/husky_control/share/husky_control/config/twist_mux.yaml
[0.704s] -- Installing: /home/ali/husky_ws/install/husky_control/share/husky_control/config/control.yaml
[0.704s] -- Installing: /home/ali/husky_ws/install/husky_control/share/husky_control/launch
[0.705s] -- Installing: /home/ali/husky_ws/install/husky_control/share/husky_control/launch/control.launch.py
[0.705s] -- Installing: /home/ali/husky_ws/install/husky_control/share/husky_control/launch/teleop_base.launch.py
[0.705s] -- Installing: /home/ali/husky_ws/install/husky_control/share/husky_control/launch/teleop_joy.launch.py
[0.705s] -- Installing: /home/ali/husky_ws/install/husky_control/share/husky_control/launch/teleop.launch
[0.705s] -- Installing: /home/ali/husky_ws/install/husky_control/share/husky_control/launch/control.launch
[0.708s] -- Installing: /home/ali/husky_ws/install/husky_control/share/ament_index/resource_index/package_run_dependencies/husky_control
[0.708s] -- Installing: /home/ali/husky_ws/install/husky_control/share/ament_index/resource_index/parent_prefix_path/husky_control
[0.708s] -- Installing: /home/ali/husky_ws/install/husky_control/share/husky_control/environment/ament_prefix_path.sh
[0.709s] -- Installing: /home/ali/husky_ws/install/husky_control/share/husky_control/environment/ament_prefix_path.dsv
[0.709s] -- Installing: /home/ali/husky_ws/install/husky_control/share/husky_control/environment/path.sh
[0.709s] -- Installing: /home/ali/husky_ws/install/husky_control/share/husky_control/environment/path.dsv
[0.710s] -- Installing: /home/ali/husky_ws/install/husky_control/share/husky_control/local_setup.bash
[0.710s] -- Installing: /home/ali/husky_ws/install/husky_control/share/husky_control/local_setup.sh
[0.710s] -- Installing: /home/ali/husky_ws/install/husky_control/share/husky_control/local_setup.zsh
[0.713s] -- Installing: /home/ali/husky_ws/install/husky_control/share/husky_control/local_setup.dsv
[0.713s] -- Installing: /home/ali/husky_ws/install/husky_control/share/husky_control/package.dsv
[0.714s] -- Installing: /home/ali/husky_ws/install/husky_control/share/ament_index/resource_index/packages/husky_control
[0.714s] -- Installing: /home/ali/husky_ws/install/husky_control/share/husky_control/cmake/husky_controlConfig.cmake
[0.714s] -- Installing: /home/ali/husky_ws/install/husky_control/share/husky_control/cmake/husky_controlConfig-version.cmake
[0.714s] -- Installing: /home/ali/husky_ws/install/husky_control/share/husky_control/package.xml
[0.723s] Invoked command in '/home/ali/husky_ws/build/husky_control' returned '0': AMENT_PREFIX_PATH=/home/ali/husky_ws/install/husky_description:${AMENT_PREFIX_PATH} CMAKE_PREFIX_PATH=/home/ali/husky_ws/install/husky_description:/opt/ros/foxy /usr/bin/cmake --install /home/ali/husky_ws/build/husky_control
