[0.010s] Invoking command in '/home/ali/husky_ws/build/husky_simulator': AMENT_PREFIX_PATH=/home/ali/husky_ws/install/husky_gazebo:/home/ali/husky_ws/install/husky_control:/home/ali/husky_ws/install/husky_description:${AMENT_PREFIX_PATH} CMAKE_PREFIX_PATH=/home/ali/husky_ws/install/husky_gazebo:/home/ali/husky_ws/install/husky_control:/home/ali/husky_ws/install/husky_description:/opt/ros/foxy /usr/bin/cmake /home/ali/husky_ws/src/husky/husky_simulator -DCMAKE_INSTALL_PREFIX=/home/ali/husky_ws/install/husky_simulator
[0.054s] -- The C compiler identification is GNU 9.4.0
[0.099s] -- The CXX compiler identification is GNU 9.4.0
[0.103s] -- Check for working C compiler: /usr/bin/cc
[0.159s] -- Check for working C compiler: /usr/bin/cc -- works
[0.160s] -- Detecting C compiler ABI info
[0.215s] -- Detecting C compiler ABI info - done
[0.224s] -- Detecting C compile features
[0.224s] -- Detecting C compile features - done
[0.226s] -- Check for working CXX compiler: /usr/bin/c++
[0.291s] -- Check for working CXX compiler: /usr/bin/c++ -- works
[0.292s] -- Detecting CXX compiler ABI info
[0.357s] -- Detecting CXX compiler ABI info - done
[0.367s] -- Detecting CXX compile features
[0.367s] -- Detecting CXX compile features - done
[0.369s] -- Found ament_cmake: 0.9.11 (/opt/ros/foxy/share/ament_cmake/cmake)
[0.389s] -- Found PythonInterp: /usr/bin/python3 (found suitable version "3.8.10", minimum required is "3") 
[0.389s] -- Using PYTHON_EXECUTABLE: /usr/bin/python3
[0.592s] -- Configuring done
[0.593s] -- Generating done
[0.594s] -- Build files have been written to: /home/ali/husky_ws/build/husky_simulator
[0.597s] Invoked command in '/home/ali/husky_ws/build/husky_simulator' returned '0': AMENT_PREFIX_PATH=/home/ali/husky_ws/install/husky_gazebo:/home/ali/husky_ws/install/husky_control:/home/ali/husky_ws/install/husky_description:${AMENT_PREFIX_PATH} CMAKE_PREFIX_PATH=/home/ali/husky_ws/install/husky_gazebo:/home/ali/husky_ws/install/husky_control:/home/ali/husky_ws/install/husky_description:/opt/ros/foxy /usr/bin/cmake /home/ali/husky_ws/src/husky/husky_simulator -DCMAKE_INSTALL_PREFIX=/home/ali/husky_ws/install/husky_simulator
[0.599s] Invoking command in '/home/ali/husky_ws/build/husky_simulator': AMENT_PREFIX_PATH=/home/ali/husky_ws/install/husky_gazebo:/home/ali/husky_ws/install/husky_control:/home/ali/husky_ws/install/husky_description:${AMENT_PREFIX_PATH} CMAKE_PREFIX_PATH=/home/ali/husky_ws/install/husky_gazebo:/home/ali/husky_ws/install/husky_control:/home/ali/husky_ws/install/husky_description:/opt/ros/foxy /usr/bin/cmake --build /home/ali/husky_ws/build/husky_simulator -- -j12 -l12
[0.632s] Invoked command in '/home/ali/husky_ws/build/husky_simulator' returned '0': AMENT_PREFIX_PATH=/home/ali/husky_ws/install/husky_gazebo:/home/ali/husky_ws/install/husky_control:/home/ali/husky_ws/install/husky_description:${AMENT_PREFIX_PATH} CMAKE_PREFIX_PATH=/home/ali/husky_ws/install/husky_gazebo:/home/ali/husky_ws/install/husky_control:/home/ali/husky_ws/install/husky_description:/opt/ros/foxy /usr/bin/cmake --build /home/ali/husky_ws/build/husky_simulator -- -j12 -l12
[0.651s] Invoking command in '/home/ali/husky_ws/build/husky_simulator': AMENT_PREFIX_PATH=/home/ali/husky_ws/install/husky_gazebo:/home/ali/husky_ws/install/husky_control:/home/ali/husky_ws/install/husky_description:${AMENT_PREFIX_PATH} CMAKE_PREFIX_PATH=/home/ali/husky_ws/install/husky_gazebo:/home/ali/husky_ws/install/husky_control:/home/ali/husky_ws/install/husky_description:/opt/ros/foxy /usr/bin/cmake --install /home/ali/husky_ws/build/husky_simulator
[0.659s] -- Install configuration: ""
[0.659s] -- Installing: /home/ali/husky_ws/install/husky_simulator/share/ament_index/resource_index/package_run_dependencies/husky_simulator
[0.659s] -- Installing: /home/ali/husky_ws/install/husky_simulator/share/ament_index/resource_index/parent_prefix_path/husky_simulator
[0.660s] -- Installing: /home/ali/husky_ws/install/husky_simulator/share/husky_simulator/environment/ament_prefix_path.sh
[0.660s] -- Installing: /home/ali/husky_ws/install/husky_simulator/share/husky_simulator/environment/ament_prefix_path.dsv
[0.660s] -- Installing: /home/ali/husky_ws/install/husky_simulator/share/husky_simulator/environment/path.sh
[0.660s] -- Installing: /home/ali/husky_ws/install/husky_simulator/share/husky_simulator/environment/path.dsv
[0.660s] -- Installing: /home/ali/husky_ws/install/husky_simulator/share/husky_simulator/local_setup.bash
[0.660s] -- Installing: /home/ali/husky_ws/install/husky_simulator/share/husky_simulator/local_setup.sh
[0.660s] -- Installing: /home/ali/husky_ws/install/husky_simulator/share/husky_simulator/local_setup.zsh
[0.660s] -- Installing: /home/ali/husky_ws/install/husky_simulator/share/husky_simulator/local_setup.dsv
[0.661s] -- Installing: /home/ali/husky_ws/install/husky_simulator/share/husky_simulator/package.dsv
[0.661s] -- Installing: /home/ali/husky_ws/install/husky_simulator/share/ament_index/resource_index/packages/husky_simulator
[0.661s] -- Installing: /home/ali/husky_ws/install/husky_simulator/share/husky_simulator/cmake/husky_simulatorConfig.cmake
[0.661s] -- Installing: /home/ali/husky_ws/install/husky_simulator/share/husky_simulator/cmake/husky_simulatorConfig-version.cmake
[0.661s] -- Installing: /home/ali/husky_ws/install/husky_simulator/share/husky_simulator/package.xml
[0.667s] Invoked command in '/home/ali/husky_ws/build/husky_simulator' returned '0': AMENT_PREFIX_PATH=/home/ali/husky_ws/install/husky_gazebo:/home/ali/husky_ws/install/husky_control:/home/ali/husky_ws/install/husky_description:${AMENT_PREFIX_PATH} CMAKE_PREFIX_PATH=/home/ali/husky_ws/install/husky_gazebo:/home/ali/husky_ws/install/husky_control:/home/ali/husky_ws/install/husky_description:/opt/ros/foxy /usr/bin/cmake --install /home/ali/husky_ws/build/husky_simulator
